stdClass Object
(
    [id] => 31785461
    [node_id] => MDEwOlJlcG9zaXRvcnkzMTc4NTQ2MQ==
    [name] => wp-rollback
    [full_name] => DevinWalker/wp-rollback
    [private] => 
    [owner] => stdClass Object
        (
            [login] => DevinWalker
            [id] => 1571635
            [node_id] => MDQ6VXNlcjE1NzE2MzU=
            [avatar_url] => https://avatars.githubusercontent.com/u/1571635?v=4
            [gravatar_id] => 
            [url] => https://api.github.com/users/DevinWalker
            [html_url] => https://github.com/DevinWalker
            [followers_url] => https://api.github.com/users/DevinWalker/followers
            [following_url] => https://api.github.com/users/DevinWalker/following{/other_user}
            [gists_url] => https://api.github.com/users/DevinWalker/gists{/gist_id}
            [starred_url] => https://api.github.com/users/DevinWalker/starred{/owner}{/repo}
            [subscriptions_url] => https://api.github.com/users/DevinWalker/subscriptions
            [organizations_url] => https://api.github.com/users/DevinWalker/orgs
            [repos_url] => https://api.github.com/users/DevinWalker/repos
            [events_url] => https://api.github.com/users/DevinWalker/events{/privacy}
            [received_events_url] => https://api.github.com/users/DevinWalker/received_events
            [type] => User
            [site_admin] => 
        )

    [html_url] => https://github.com/DevinWalker/wp-rollback
    [description] => Rollback any WordPress.org plugin or theme to a previous (or newer) version.
    [fork] => 
    [url] => https://api.github.com/repos/DevinWalker/wp-rollback
    [forks_url] => https://api.github.com/repos/DevinWalker/wp-rollback/forks
    [keys_url] => https://api.github.com/repos/DevinWalker/wp-rollback/keys{/key_id}
    [collaborators_url] => https://api.github.com/repos/DevinWalker/wp-rollback/collaborators{/collaborator}
    [teams_url] => https://api.github.com/repos/DevinWalker/wp-rollback/teams
    [hooks_url] => https://api.github.com/repos/DevinWalker/wp-rollback/hooks
    [issue_events_url] => https://api.github.com/repos/DevinWalker/wp-rollback/issues/events{/number}
    [events_url] => https://api.github.com/repos/DevinWalker/wp-rollback/events
    [assignees_url] => https://api.github.com/repos/DevinWalker/wp-rollback/assignees{/user}
    [branches_url] => https://api.github.com/repos/DevinWalker/wp-rollback/branches{/branch}
    [tags_url] => https://api.github.com/repos/DevinWalker/wp-rollback/tags
    [blobs_url] => https://api.github.com/repos/DevinWalker/wp-rollback/git/blobs{/sha}
    [git_tags_url] => https://api.github.com/repos/DevinWalker/wp-rollback/git/tags{/sha}
    [git_refs_url] => https://api.github.com/repos/DevinWalker/wp-rollback/git/refs{/sha}
    [trees_url] => https://api.github.com/repos/DevinWalker/wp-rollback/git/trees{/sha}
    [statuses_url] => https://api.github.com/repos/DevinWalker/wp-rollback/statuses/{sha}
    [languages_url] => https://api.github.com/repos/DevinWalker/wp-rollback/languages
    [stargazers_url] => https://api.github.com/repos/DevinWalker/wp-rollback/stargazers
    [contributors_url] => https://api.github.com/repos/DevinWalker/wp-rollback/contributors
    [subscribers_url] => https://api.github.com/repos/DevinWalker/wp-rollback/subscribers
    [subscription_url] => https://api.github.com/repos/DevinWalker/wp-rollback/subscription
    [commits_url] => https://api.github.com/repos/DevinWalker/wp-rollback/commits{/sha}
    [git_commits_url] => https://api.github.com/repos/DevinWalker/wp-rollback/git/commits{/sha}
    [comments_url] => https://api.github.com/repos/DevinWalker/wp-rollback/comments{/number}
    [issue_comment_url] => https://api.github.com/repos/DevinWalker/wp-rollback/issues/comments{/number}
    [contents_url] => https://api.github.com/repos/DevinWalker/wp-rollback/contents/{+path}
    [compare_url] => https://api.github.com/repos/DevinWalker/wp-rollback/compare/{base}...{head}
    [merges_url] => https://api.github.com/repos/DevinWalker/wp-rollback/merges
    [archive_url] => https://api.github.com/repos/DevinWalker/wp-rollback/{archive_format}{/ref}
    [downloads_url] => https://api.github.com/repos/DevinWalker/wp-rollback/downloads
    [issues_url] => https://api.github.com/repos/DevinWalker/wp-rollback/issues{/number}
    [pulls_url] => https://api.github.com/repos/DevinWalker/wp-rollback/pulls{/number}
    [milestones_url] => https://api.github.com/repos/DevinWalker/wp-rollback/milestones{/number}
    [notifications_url] => https://api.github.com/repos/DevinWalker/wp-rollback/notifications{?since,all,participating}
    [labels_url] => https://api.github.com/repos/DevinWalker/wp-rollback/labels{/name}
    [releases_url] => https://api.github.com/repos/DevinWalker/wp-rollback/releases{/id}
    [deployments_url] => https://api.github.com/repos/DevinWalker/wp-rollback/deployments
    [created_at] => 2015-03-06T19:33:08Z
    [updated_at] => 2023-01-10T17:50:12Z
    [pushed_at] => 2023-01-10T17:37:24Z
    [git_url] => git://github.com/DevinWalker/wp-rollback.git
    [ssh_url] => git@github.com:DevinWalker/wp-rollback.git
    [clone_url] => https://github.com/DevinWalker/wp-rollback.git
    [svn_url] => https://github.com/DevinWalker/wp-rollback
    [homepage] => http://wordpress.org/plugins/wp-rollback/
    [size] => 749
    [stargazers_count] => 73
    [watchers_count] => 73
    [language] => JavaScript
    [has_issues] => 1
    [has_projects] => 
    [has_downloads] => 1
    [has_wiki] => 1
    [has_pages] => 
    [has_discussions] => 
    [forks_count] => 21
    [mirror_url] => 
    [archived] => 
    [disabled] => 
    [open_issues_count] => 5
    [license] => stdClass Object
        (
            [key] => gpl-2.0
            [name] => GNU General Public License v2.0
            [spdx_id] => GPL-2.0
            [url] => https://api.github.com/licenses/gpl-2.0
            [node_id] => MDc6TGljZW5zZTg=
        )

    [allow_forking] => 1
    [is_template] => 
    [web_commit_signoff_required] => 
    [topics] => Array
        (
        )

    [visibility] => public
    [forks] => 21
    [open_issues] => 5
    [watchers] => 73
    [default_branch] => develop
    [temp_clone_token] => 
    [network_count] => 21
    [subscribers_count] => 7
)
stdClass Object
(
    [message] => Not Found
    [documentation_url] => https://docs.github.com/rest/reference/repos#get-a-repository
)
